Build started 4/25/2015 7:15:42 PM.
     1>Project "c:\Users\Adel\documents\visual studio 2010\Projects\cuda_sort\cuda_sort\cuda_sort.vcxproj" on node 2 (build target(s)).
     1>InitializeBuildStatus:
         Creating "Debug\cuda_sort.unsuccessfulbuild" because "AlwaysCreate" was specified.
       AddCudaCompileDeps:
         C:\Program Files (x86)\Microsoft Visual Studio 10.0\VC\bin\cl.exe /E /nologo /showIncludes /TP /D__CUDACC__ /DWIN32 /D_DEBUG /D_CONSOLE /D_MBCS /I"C:\Program Files\NVIDIA GPU Computing Toolkit\CUDA\v7.0\include" /I"C:\Program Files\NVIDIA GPU Computing Toolkit\CUDA\v7.0\bin" /I"C:\Program Files\NVIDIA GPU Computing Toolkit\CUDA\v7.0\include" /I. /FIcuda_runtime.h /c "c:\Users\Adel\documents\visual studio 2010\Projects\cuda_sort\cuda_sort\kernel.cu" 
       AddCudaCompilePropsDeps:
       Skipping target "AddCudaCompilePropsDeps" because all output files are up-to-date with respect to the input files.
       CudaBuild:
         Compiling CUDA source file kernel.cu...
         cmd.exe /C "C:\Users\Adel\AppData\Local\Temp\tmpe0c896bf66744bd0b74481a55043d593.cmd"
         "C:\Program Files\NVIDIA GPU Computing Toolkit\CUDA\v7.0\bin\nvcc.exe" -gencode=arch=compute_20,code=\"sm_20,compute_20\" --use-local-env --cl-version 2010 -ccbin "C:\Program Files (x86)\Microsoft Visual Studio 10.0\VC\bin"  -I"C:\Program Files\NVIDIA GPU Computing Toolkit\CUDA\v7.0\include" -I"C:\Program Files\NVIDIA GPU Computing Toolkit\CUDA\v7.0\include"  -G   --keep-dir Debug -maxrregcount=0  --machine 32 --compile -cudart static  -g   -DWIN32 -D_DEBUG -D_CONSOLE -D_MBCS -Xcompiler "/EHsc /W3 /nologo /Od /Zi /RTC1 /MDd  " -o Debug\kernel.cu.obj "c:\Users\Adel\documents\visual studio 2010\Projects\cuda_sort\cuda_sort\kernel.cu"
         
         c:\Users\Adel\documents\visual studio 2010\Projects\cuda_sort\cuda_sort>"C:\Program Files\NVIDIA GPU Computing Toolkit\CUDA\v7.0\bin\nvcc.exe" -gencode=arch=compute_20,code=\"sm_20,compute_20\" --use-local-env --cl-version 2010 -ccbin "C:\Program Files (x86)\Microsoft Visual Studio 10.0\VC\bin"  -I"C:\Program Files\NVIDIA GPU Computing Toolkit\CUDA\v7.0\include" -I"C:\Program Files\NVIDIA GPU Computing Toolkit\CUDA\v7.0\include"  -G   --keep-dir Debug -maxrregcount=0  --machine 32 --compile -cudart static  -g   -DWIN32 -D_DEBUG -D_CONSOLE -D_MBCS -Xcompiler "/EHsc /W3 /nologo /Od /Zi /RTC1 /MDd  " -o Debug\kernel.cu.obj "c:\Users\Adel\documents\visual studio 2010\Projects\cuda_sort\cuda_sort\kernel.cu" 
     1>c:/Users/Adel/documents/visual studio 2010/Projects/cuda_sort/cuda_sort/kernel.cu(114): warning : transfer of control bypasses initialization of:
                     variable "blocks"
         (138): here
                     variable "sortedsize"
         (139): here
         
     1>c:/Users/Adel/documents/visual studio 2010/Projects/cuda_sort/cuda_sort/kernel.cu(120): warning : transfer of control bypasses initialization of:
                     variable "blocks"
         (138): here
                     variable "sortedsize"
         (139): here
         
     1>c:/Users/Adel/documents/visual studio 2010/Projects/cuda_sort/cuda_sort/kernel.cu(126): warning : transfer of control bypasses initialization of:
                     variable "blocks"
         (138): here
                     variable "sortedsize"
         (139): here
         
     1>c:/Users/Adel/documents/visual studio 2010/Projects/cuda_sort/cuda_sort/kernel.cu(132): warning : transfer of control bypasses initialization of:
                     variable "blocks"
         (138): here
                     variable "sortedsize"
         (139): here
         
     1>c:/Users/Adel/documents/visual studio 2010/Projects/cuda_sort/cuda_sort/kernel.cu(114): warning : transfer of control bypasses initialization of:
                     variable "blocks"
         (138): here
                     variable "sortedsize"
         (139): here
         
     1>c:/Users/Adel/documents/visual studio 2010/Projects/cuda_sort/cuda_sort/kernel.cu(120): warning : transfer of control bypasses initialization of:
                     variable "blocks"
         (138): here
                     variable "sortedsize"
         (139): here
         
     1>c:/Users/Adel/documents/visual studio 2010/Projects/cuda_sort/cuda_sort/kernel.cu(126): warning : transfer of control bypasses initialization of:
                     variable "blocks"
         (138): here
                     variable "sortedsize"
         (139): here
         
     1>c:/Users/Adel/documents/visual studio 2010/Projects/cuda_sort/cuda_sort/kernel.cu(132): warning : transfer of control bypasses initialization of:
                     variable "blocks"
         (138): here
                     variable "sortedsize"
         (139): here
         
         kernel.cu
       ManifestResourceCompile:
         All outputs are up-to-date.
       Link:
         C:\Program Files (x86)\Microsoft Visual Studio 10.0\VC\bin\link.exe /ERRORREPORT:PROMPT /OUT:"c:\users\adel\documents\visual studio 2010\Projects\cuda_sort\Debug\cuda_sort.exe" /INCREMENTAL /NOLOGO /LIBPATH:"C:\Program Files\NVIDIA GPU Computing Toolkit\CUDA\v7.0\lib\Win32" cudart.lib kernel32.lib user32.lib gdi32.lib winspool.lib comdlg32.lib advapi32.lib shell32.lib ole32.lib oleaut32.lib uuid.lib odbc32.lib odbccp32.lib kernel32.lib user32.lib gdi32.lib winspool.lib comdlg32.lib advapi32.lib shell32.lib ole32.lib oleaut32.lib uuid.lib odbc32.lib odbccp32.lib /MANIFEST /ManifestFile:"Debug\cuda_sort.exe.intermediate.manifest" /MANIFESTUAC:"level='asInvoker' uiAccess='false'" /DEBUG /PDB:"c:\users\adel\documents\visual studio 2010\Projects\cuda_sort\Debug\cuda_sort.pdb" /SUBSYSTEM:CONSOLE /TLBID:1 /DYNAMICBASE /NXCOMPAT /IMPLIB:"c:\users\adel\documents\visual studio 2010\Projects\cuda_sort\Debug\cuda_sort.lib" /MACHINE:X86 Debug\kernel.cu.obj
         Debug\cuda_sort.exe.embed.manifest.res
       Manifest:
         C:\Program Files (x86)\Microsoft SDKs\Windows\v7.0A\bin\mt.exe /nologo /verbose /out:"Debug\cuda_sort.exe.embed.manifest" /manifest Debug\cuda_sort.exe.intermediate.manifest
         All outputs are up-to-date.
       LinkEmbedManifest:
         All outputs are up-to-date.
         cuda_sort.vcxproj -> c:\users\adel\documents\visual studio 2010\Projects\cuda_sort\Debug\cuda_sort.exe
       PostBuildEvent:
         echo copy "C:\Program Files\NVIDIA GPU Computing Toolkit\CUDA\v7.0\bin\cudart*.dll" "c:\users\adel\documents\visual studio 2010\Projects\cuda_sort\Debug\"
         copy "C:\Program Files\NVIDIA GPU Computing Toolkit\CUDA\v7.0\bin\cudart*.dll" "c:\users\adel\documents\visual studio 2010\Projects\cuda_sort\Debug\"
         :VCEnd
         copy "C:\Program Files\NVIDIA GPU Computing Toolkit\CUDA\v7.0\bin\cudart*.dll" "c:\users\adel\documents\visual studio 2010\Projects\cuda_sort\Debug\"
         C:\Program Files\NVIDIA GPU Computing Toolkit\CUDA\v7.0\bin\cudart32_70.dll
         C:\Program Files\NVIDIA GPU Computing Toolkit\CUDA\v7.0\bin\cudart64_70.dll
                 2 file(s) copied.
       FinalizeBuildStatus:
         Deleting file "Debug\cuda_sort.unsuccessfulbuild".
         Touching "Debug\cuda_sort.lastbuildstate".
     1>Done Building Project "c:\Users\Adel\documents\visual studio 2010\Projects\cuda_sort\cuda_sort\cuda_sort.vcxproj" (build target(s)).

Build succeeded.

Time Elapsed 00:00:06.86
